<?xml version="1.0" encoding="UTF-8"?>
<testsuite xmlns:xsi="http://www.w3.org/2001/XMLSchema-instance" xsi:noNamespaceSchemaLocation="https://maven.apache.org/surefire/maven-surefire-plugin/xsd/surefire-test-report.xsd" name="com.lab.AppTest" time="0.023" tests="1" errors="0" skipped="0" failures="0">
  <properties>
    <property name="sun.desktop" value="windows"/>
    <property name="awt.toolkit" value="sun.awt.windows.WToolkit"/>
    <property name="file.encoding.pkg" value="sun.io"/>
    <property name="java.specification.version" value="1.8"/>
    <property name="sun.cpu.isalist" value="amd64"/>
    <property name="sun.jnu.encoding" value="GBK"/>
    <property name="java.class.path" value="D:\development\Java_workspace\InvertedLink\target\test-classes;D:\development\Java_workspace\InvertedLink\target\classes;C:\Users\37801\.m2\repository\junit\junit\4.11\junit-4.11.jar;C:\Users\37801\.m2\repository\org\hamcrest\hamcrest-core\1.3\hamcrest-core-1.3.jar;C:\Users\37801\.m2\repository\org\apache\hadoop\hadoop-common\2.8.3\hadoop-common-2.8.3.jar;C:\Users\37801\.m2\repository\org\apache\hadoop\hadoop-annotations\2.8.3\hadoop-annotations-2.8.3.jar;C:\Users\37801\.m2\repository\com\google\guava\guava\11.0.2\guava-11.0.2.jar;C:\Users\37801\.m2\repository\commons-cli\commons-cli\1.2\commons-cli-1.2.jar;C:\Users\37801\.m2\repository\org\apache\commons\commons-math3\3.1.1\commons-math3-3.1.1.jar;C:\Users\37801\.m2\repository\xmlenc\xmlenc\0.52\xmlenc-0.52.jar;C:\Users\37801\.m2\repository\org\apache\httpcomponents\httpclient\4.5.2\httpclient-4.5.2.jar;C:\Users\37801\.m2\repository\org\apache\httpcomponents\httpcore\4.4.4\httpcore-4.4.4.jar;C:\Users\37801\.m2\repository\commons-codec\commons-codec\1.4\commons-codec-1.4.jar;C:\Users\37801\.m2\repository\commons-io\commons-io\2.4\commons-io-2.4.jar;C:\Users\37801\.m2\repository\commons-net\commons-net\3.1\commons-net-3.1.jar;C:\Users\37801\.m2\repository\commons-collections\commons-collections\3.2.2\commons-collections-3.2.2.jar;C:\Users\37801\.m2\repository\javax\servlet\servlet-api\2.5\servlet-api-2.5.jar;C:\Users\37801\.m2\repository\org\mortbay\jetty\jetty\6.1.26\jetty-6.1.26.jar;C:\Users\37801\.m2\repository\org\mortbay\jetty\jetty-util\6.1.26\jetty-util-6.1.26.jar;C:\Users\37801\.m2\repository\org\mortbay\jetty\jetty-sslengine\6.1.26\jetty-sslengine-6.1.26.jar;C:\Users\37801\.m2\repository\javax\servlet\jsp\jsp-api\2.1\jsp-api-2.1.jar;C:\Users\37801\.m2\repository\com\sun\jersey\jersey-core\1.9\jersey-core-1.9.jar;C:\Users\37801\.m2\repository\com\sun\jersey\jersey-json\1.9\jersey-json-1.9.jar;C:\Users\37801\.m2\repository\org\codehaus\jettison\jettison\1.1\jettison-1.1.jar;C:\Users\37801\.m2\repository\com\sun\xml\bind\jaxb-impl\2.2.3-1\jaxb-impl-2.2.3-1.jar;C:\Users\37801\.m2\repository\org\codehaus\jackson\jackson-jaxrs\1.8.3\jackson-jaxrs-1.8.3.jar;C:\Users\37801\.m2\repository\org\codehaus\jackson\jackson-xc\1.8.3\jackson-xc-1.8.3.jar;C:\Users\37801\.m2\repository\com\sun\jersey\jersey-server\1.9\jersey-server-1.9.jar;C:\Users\37801\.m2\repository\asm\asm\3.1\asm-3.1.jar;C:\Users\37801\.m2\repository\commons-logging\commons-logging\1.1.3\commons-logging-1.1.3.jar;C:\Users\37801\.m2\repository\log4j\log4j\1.2.17\log4j-1.2.17.jar;C:\Users\37801\.m2\repository\net\java\dev\jets3t\jets3t\0.9.0\jets3t-0.9.0.jar;C:\Users\37801\.m2\repository\com\jamesmurty\utils\java-xmlbuilder\0.4\java-xmlbuilder-0.4.jar;C:\Users\37801\.m2\repository\commons-lang\commons-lang\2.6\commons-lang-2.6.jar;C:\Users\37801\.m2\repository\commons-configuration\commons-configuration\1.6\commons-configuration-1.6.jar;C:\Users\37801\.m2\repository\commons-digester\commons-digester\1.8\commons-digester-1.8.jar;C:\Users\37801\.m2\repository\commons-beanutils\commons-beanutils-core\1.8.0\commons-beanutils-core-1.8.0.jar;C:\Users\37801\.m2\repository\org\slf4j\slf4j-api\1.7.10\slf4j-api-1.7.10.jar;C:\Users\37801\.m2\repository\org\slf4j\slf4j-log4j12\1.7.10\slf4j-log4j12-1.7.10.jar;C:\Users\37801\.m2\repository\org\codehaus\jackson\jackson-core-asl\1.9.13\jackson-core-asl-1.9.13.jar;C:\Users\37801\.m2\repository\org\codehaus\jackson\jackson-mapper-asl\1.9.13\jackson-mapper-asl-1.9.13.jar;C:\Users\37801\.m2\repository\org\apache\avro\avro\1.7.4\avro-1.7.4.jar;C:\Users\37801\.m2\repository\com\thoughtworks\paranamer\paranamer\2.3\paranamer-2.3.jar;C:\Users\37801\.m2\repository\org\xerial\snappy\snappy-java\1.0.4.1\snappy-java-1.0.4.1.jar;C:\Users\37801\.m2\repository\com\google\protobuf\protobuf-java\2.5.0\protobuf-java-2.5.0.jar;C:\Users\37801\.m2\repository\com\google\code\gson\gson\2.2.4\gson-2.2.4.jar;C:\Users\37801\.m2\repository\org\apache\hadoop\hadoop-auth\2.8.3\hadoop-auth-2.8.3.jar;C:\Users\37801\.m2\repository\com\nimbusds\nimbus-jose-jwt\3.9\nimbus-jose-jwt-3.9.jar;C:\Users\37801\.m2\repository\net\jcip\jcip-annotations\1.0\jcip-annotations-1.0.jar;C:\Users\37801\.m2\repository\net\minidev\json-smart\1.1.1\json-smart-1.1.1.jar;C:\Users\37801\.m2\repository\org\apache\directory\server\apacheds-kerberos-codec\2.0.0-M15\apacheds-kerberos-codec-2.0.0-M15.jar;C:\Users\37801\.m2\repository\org\apache\directory\server\apacheds-i18n\2.0.0-M15\apacheds-i18n-2.0.0-M15.jar;C:\Users\37801\.m2\repository\org\apache\directory\api\api-asn1-api\1.0.0-M20\api-asn1-api-1.0.0-M20.jar;C:\Users\37801\.m2\repository\org\apache\directory\api\api-util\1.0.0-M20\api-util-1.0.0-M20.jar;C:\Users\37801\.m2\repository\org\apache\curator\curator-framework\2.7.1\curator-framework-2.7.1.jar;C:\Users\37801\.m2\repository\com\jcraft\jsch\0.1.54\jsch-0.1.54.jar;C:\Users\37801\.m2\repository\org\apache\curator\curator-client\2.7.1\curator-client-2.7.1.jar;C:\Users\37801\.m2\repository\org\apache\curator\curator-recipes\2.7.1\curator-recipes-2.7.1.jar;C:\Users\37801\.m2\repository\com\google\code\findbugs\jsr305\3.0.0\jsr305-3.0.0.jar;C:\Users\37801\.m2\repository\org\apache\htrace\htrace-core4\4.0.1-incubating\htrace-core4-4.0.1-incubating.jar;C:\Users\37801\.m2\repository\org\apache\zookeeper\zookeeper\3.4.6\zookeeper-3.4.6.jar;C:\Users\37801\.m2\repository\org\apache\commons\commons-compress\1.4.1\commons-compress-1.4.1.jar;C:\Users\37801\.m2\repository\org\tukaani\xz\1.0\xz-1.0.jar;C:\Users\37801\.m2\repository\org\apache\hadoop\hadoop-hdfs\2.8.3\hadoop-hdfs-2.8.3.jar;C:\Users\37801\.m2\repository\org\apache\hadoop\hadoop-hdfs-client\2.8.3\hadoop-hdfs-client-2.8.3.jar;C:\Users\37801\.m2\repository\com\squareup\okhttp\okhttp\2.4.0\okhttp-2.4.0.jar;C:\Users\37801\.m2\repository\com\squareup\okio\okio\1.4.0\okio-1.4.0.jar;C:\Users\37801\.m2\repository\commons-daemon\commons-daemon\1.0.13\commons-daemon-1.0.13.jar;C:\Users\37801\.m2\repository\io\netty\netty\3.6.2.Final\netty-3.6.2.Final.jar;C:\Users\37801\.m2\repository\io\netty\netty-all\4.0.23.Final\netty-all-4.0.23.Final.jar;C:\Users\37801\.m2\repository\xerces\xercesImpl\2.9.1\xercesImpl-2.9.1.jar;C:\Users\37801\.m2\repository\xml-apis\xml-apis\1.3.04\xml-apis-1.3.04.jar;C:\Users\37801\.m2\repository\org\fusesource\leveldbjni\leveldbjni-all\1.8\leveldbjni-all-1.8.jar;C:\Users\37801\.m2\repository\org\apache\hadoop\hadoop-mapreduce-client-core\2.8.3\hadoop-mapreduce-client-core-2.8.3.jar;C:\Users\37801\.m2\repository\org\apache\hadoop\hadoop-yarn-common\2.8.3\hadoop-yarn-common-2.8.3.jar;C:\Users\37801\.m2\repository\org\apache\hadoop\hadoop-yarn-api\2.8.3\hadoop-yarn-api-2.8.3.jar;C:\Users\37801\.m2\repository\javax\xml\bind\jaxb-api\2.2.2\jaxb-api-2.2.2.jar;C:\Users\37801\.m2\repository\javax\xml\stream\stax-api\1.0-2\stax-api-1.0-2.jar;C:\Users\37801\.m2\repository\javax\activation\activation\1.1\activation-1.1.jar;C:\Users\37801\.m2\repository\com\sun\jersey\jersey-client\1.9\jersey-client-1.9.jar;C:\Users\37801\.m2\repository\com\google\inject\guice\3.0\guice-3.0.jar;C:\Users\37801\.m2\repository\javax\inject\javax.inject\1\javax.inject-1.jar;C:\Users\37801\.m2\repository\aopalliance\aopalliance\1.0\aopalliance-1.0.jar;C:\Users\37801\.m2\repository\com\sun\jersey\contribs\jersey-guice\1.9\jersey-guice-1.9.jar;C:\Users\37801\.m2\repository\com\google\inject\extensions\guice-servlet\3.0\guice-servlet-3.0.jar;C:\Users\37801\.m2\repository\org\apache\hadoop\hadoop-mapreduce-client-common\2.8.3\hadoop-mapreduce-client-common-2.8.3.jar;C:\Users\37801\.m2\repository\org\apache\hadoop\hadoop-yarn-client\2.8.3\hadoop-yarn-client-2.8.3.jar;C:\Users\37801\.m2\repository\org\apache\hadoop\hadoop-yarn-server-common\2.8.3\hadoop-yarn-server-common-2.8.3.jar;C:\Users\37801\.m2\repository\org\apache\nutch\nutch\1.13\nutch-1.13.jar;C:\Users\37801\.m2\repository\org\apache\commons\commons-jexl\2.1.1\commons-jexl-2.1.1.jar;C:\Users\37801\.m2\repository\com\tdunning\t-digest\3.1\t-digest-3.1.jar;C:\Users\37801\.m2\repository\org\apache\tika\tika-core\1.12\tika-core-1.12.jar;C:\Users\37801\.m2\repository\com\ibm\icu\icu4j\55.1\icu4j-55.1.jar;C:\Users\37801\.m2\repository\xerces\xmlParserAPIs\2.6.2\xmlParserAPIs-2.6.2.jar;C:\Users\37801\.m2\repository\oro\oro\2.0.8\oro-2.0.8.jar;C:\Users\37801\.m2\repository\com\github\crawler-commons\crawler-commons\0.6\crawler-commons-0.6.jar;C:\Users\37801\.m2\repository\com\martinkl\warc\warc-hadoop\0.1.0\warc-hadoop-0.1.0.jar;C:\Users\37801\.m2\repository\org\apache\hadoop\hadoop-client\2.2.0\hadoop-client-2.2.0.jar;C:\Users\37801\.m2\repository\org\apache\hadoop\hadoop-mapreduce-client-app\2.2.0\hadoop-mapreduce-client-app-2.2.0.jar;C:\Users\37801\.m2\repository\org\apache\hadoop\hadoop-mapreduce-client-shuffle\2.2.0\hadoop-mapreduce-client-shuffle-2.2.0.jar;C:\Users\37801\.m2\repository\org\apache\hadoop\hadoop-mapreduce-client-jobclient\2.2.0\hadoop-mapreduce-client-jobclient-2.2.0.jar;C:\Users\37801\.m2\repository\commons-beanutils\commons-beanutils\1.7.0\commons-beanutils-1.7.0.jar;D:\development\C++library\jdk\lib\tools.jar;"/>
    <property name="java.vm.vendor" value="Oracle Corporation"/>
    <property name="sun.arch.data.model" value="64"/>
    <property name="user.variant" value=""/>
    <property name="java.vendor.url" value="http://java.oracle.com/"/>
    <property name="user.timezone" value=""/>
    <property name="java.vm.specification.version" value="1.8"/>
    <property name="os.name" value="Windows 10"/>
    <property name="user.country" value="CN"/>
    <property name="sun.java.launcher" value="SUN_STANDARD"/>
    <property name="sun.boot.library.path" value="C:\Program Files\Java\jre1.8.0_171\bin"/>
    <property name="sun.java.command" value="C:\Users\37801\AppData\Local\Temp\surefire5360280984694216221\surefirebooter4854476848969152598.jar C:\Users\37801\AppData\Local\Temp\surefire5360280984694216221 2018-05-23T17-27-11_361-jvmRun1 surefire1232598121210024833tmp surefire_07373619494187464179tmp"/>
    <property name="surefire.test.class.path" value="D:\development\Java_workspace\InvertedLink\target\test-classes;D:\development\Java_workspace\InvertedLink\target\classes;C:\Users\37801\.m2\repository\junit\junit\4.11\junit-4.11.jar;C:\Users\37801\.m2\repository\org\hamcrest\hamcrest-core\1.3\hamcrest-core-1.3.jar;C:\Users\37801\.m2\repository\org\apache\hadoop\hadoop-common\2.8.3\hadoop-common-2.8.3.jar;C:\Users\37801\.m2\repository\org\apache\hadoop\hadoop-annotations\2.8.3\hadoop-annotations-2.8.3.jar;C:\Users\37801\.m2\repository\com\google\guava\guava\11.0.2\guava-11.0.2.jar;C:\Users\37801\.m2\repository\commons-cli\commons-cli\1.2\commons-cli-1.2.jar;C:\Users\37801\.m2\repository\org\apache\commons\commons-math3\3.1.1\commons-math3-3.1.1.jar;C:\Users\37801\.m2\repository\xmlenc\xmlenc\0.52\xmlenc-0.52.jar;C:\Users\37801\.m2\repository\org\apache\httpcomponents\httpclient\4.5.2\httpclient-4.5.2.jar;C:\Users\37801\.m2\repository\org\apache\httpcomponents\httpcore\4.4.4\httpcore-4.4.4.jar;C:\Users\37801\.m2\repository\commons-codec\commons-codec\1.4\commons-codec-1.4.jar;C:\Users\37801\.m2\repository\commons-io\commons-io\2.4\commons-io-2.4.jar;C:\Users\37801\.m2\repository\commons-net\commons-net\3.1\commons-net-3.1.jar;C:\Users\37801\.m2\repository\commons-collections\commons-collections\3.2.2\commons-collections-3.2.2.jar;C:\Users\37801\.m2\repository\javax\servlet\servlet-api\2.5\servlet-api-2.5.jar;C:\Users\37801\.m2\repository\org\mortbay\jetty\jetty\6.1.26\jetty-6.1.26.jar;C:\Users\37801\.m2\repository\org\mortbay\jetty\jetty-util\6.1.26\jetty-util-6.1.26.jar;C:\Users\37801\.m2\repository\org\mortbay\jetty\jetty-sslengine\6.1.26\jetty-sslengine-6.1.26.jar;C:\Users\37801\.m2\repository\javax\servlet\jsp\jsp-api\2.1\jsp-api-2.1.jar;C:\Users\37801\.m2\repository\com\sun\jersey\jersey-core\1.9\jersey-core-1.9.jar;C:\Users\37801\.m2\repository\com\sun\jersey\jersey-json\1.9\jersey-json-1.9.jar;C:\Users\37801\.m2\repository\org\codehaus\jettison\jettison\1.1\jettison-1.1.jar;C:\Users\37801\.m2\repository\com\sun\xml\bind\jaxb-impl\2.2.3-1\jaxb-impl-2.2.3-1.jar;C:\Users\37801\.m2\repository\org\codehaus\jackson\jackson-jaxrs\1.8.3\jackson-jaxrs-1.8.3.jar;C:\Users\37801\.m2\repository\org\codehaus\jackson\jackson-xc\1.8.3\jackson-xc-1.8.3.jar;C:\Users\37801\.m2\repository\com\sun\jersey\jersey-server\1.9\jersey-server-1.9.jar;C:\Users\37801\.m2\repository\asm\asm\3.1\asm-3.1.jar;C:\Users\37801\.m2\repository\commons-logging\commons-logging\1.1.3\commons-logging-1.1.3.jar;C:\Users\37801\.m2\repository\log4j\log4j\1.2.17\log4j-1.2.17.jar;C:\Users\37801\.m2\repository\net\java\dev\jets3t\jets3t\0.9.0\jets3t-0.9.0.jar;C:\Users\37801\.m2\repository\com\jamesmurty\utils\java-xmlbuilder\0.4\java-xmlbuilder-0.4.jar;C:\Users\37801\.m2\repository\commons-lang\commons-lang\2.6\commons-lang-2.6.jar;C:\Users\37801\.m2\repository\commons-configuration\commons-configuration\1.6\commons-configuration-1.6.jar;C:\Users\37801\.m2\repository\commons-digester\commons-digester\1.8\commons-digester-1.8.jar;C:\Users\37801\.m2\repository\commons-beanutils\commons-beanutils-core\1.8.0\commons-beanutils-core-1.8.0.jar;C:\Users\37801\.m2\repository\org\slf4j\slf4j-api\1.7.10\slf4j-api-1.7.10.jar;C:\Users\37801\.m2\repository\org\slf4j\slf4j-log4j12\1.7.10\slf4j-log4j12-1.7.10.jar;C:\Users\37801\.m2\repository\org\codehaus\jackson\jackson-core-asl\1.9.13\jackson-core-asl-1.9.13.jar;C:\Users\37801\.m2\repository\org\codehaus\jackson\jackson-mapper-asl\1.9.13\jackson-mapper-asl-1.9.13.jar;C:\Users\37801\.m2\repository\org\apache\avro\avro\1.7.4\avro-1.7.4.jar;C:\Users\37801\.m2\repository\com\thoughtworks\paranamer\paranamer\2.3\paranamer-2.3.jar;C:\Users\37801\.m2\repository\org\xerial\snappy\snappy-java\1.0.4.1\snappy-java-1.0.4.1.jar;C:\Users\37801\.m2\repository\com\google\protobuf\protobuf-java\2.5.0\protobuf-java-2.5.0.jar;C:\Users\37801\.m2\repository\com\google\code\gson\gson\2.2.4\gson-2.2.4.jar;C:\Users\37801\.m2\repository\org\apache\hadoop\hadoop-auth\2.8.3\hadoop-auth-2.8.3.jar;C:\Users\37801\.m2\repository\com\nimbusds\nimbus-jose-jwt\3.9\nimbus-jose-jwt-3.9.jar;C:\Users\37801\.m2\repository\net\jcip\jcip-annotations\1.0\jcip-annotations-1.0.jar;C:\Users\37801\.m2\repository\net\minidev\json-smart\1.1.1\json-smart-1.1.1.jar;C:\Users\37801\.m2\repository\org\apache\directory\server\apacheds-kerberos-codec\2.0.0-M15\apacheds-kerberos-codec-2.0.0-M15.jar;C:\Users\37801\.m2\repository\org\apache\directory\server\apacheds-i18n\2.0.0-M15\apacheds-i18n-2.0.0-M15.jar;C:\Users\37801\.m2\repository\org\apache\directory\api\api-asn1-api\1.0.0-M20\api-asn1-api-1.0.0-M20.jar;C:\Users\37801\.m2\repository\org\apache\directory\api\api-util\1.0.0-M20\api-util-1.0.0-M20.jar;C:\Users\37801\.m2\repository\org\apache\curator\curator-framework\2.7.1\curator-framework-2.7.1.jar;C:\Users\37801\.m2\repository\com\jcraft\jsch\0.1.54\jsch-0.1.54.jar;C:\Users\37801\.m2\repository\org\apache\curator\curator-client\2.7.1\curator-client-2.7.1.jar;C:\Users\37801\.m2\repository\org\apache\curator\curator-recipes\2.7.1\curator-recipes-2.7.1.jar;C:\Users\37801\.m2\repository\com\google\code\findbugs\jsr305\3.0.0\jsr305-3.0.0.jar;C:\Users\37801\.m2\repository\org\apache\htrace\htrace-core4\4.0.1-incubating\htrace-core4-4.0.1-incubating.jar;C:\Users\37801\.m2\repository\org\apache\zookeeper\zookeeper\3.4.6\zookeeper-3.4.6.jar;C:\Users\37801\.m2\repository\org\apache\commons\commons-compress\1.4.1\commons-compress-1.4.1.jar;C:\Users\37801\.m2\repository\org\tukaani\xz\1.0\xz-1.0.jar;C:\Users\37801\.m2\repository\org\apache\hadoop\hadoop-hdfs\2.8.3\hadoop-hdfs-2.8.3.jar;C:\Users\37801\.m2\repository\org\apache\hadoop\hadoop-hdfs-client\2.8.3\hadoop-hdfs-client-2.8.3.jar;C:\Users\37801\.m2\repository\com\squareup\okhttp\okhttp\2.4.0\okhttp-2.4.0.jar;C:\Users\37801\.m2\repository\com\squareup\okio\okio\1.4.0\okio-1.4.0.jar;C:\Users\37801\.m2\repository\commons-daemon\commons-daemon\1.0.13\commons-daemon-1.0.13.jar;C:\Users\37801\.m2\repository\io\netty\netty\3.6.2.Final\netty-3.6.2.Final.jar;C:\Users\37801\.m2\repository\io\netty\netty-all\4.0.23.Final\netty-all-4.0.23.Final.jar;C:\Users\37801\.m2\repository\xerces\xercesImpl\2.9.1\xercesImpl-2.9.1.jar;C:\Users\37801\.m2\repository\xml-apis\xml-apis\1.3.04\xml-apis-1.3.04.jar;C:\Users\37801\.m2\repository\org\fusesource\leveldbjni\leveldbjni-all\1.8\leveldbjni-all-1.8.jar;C:\Users\37801\.m2\repository\org\apache\hadoop\hadoop-mapreduce-client-core\2.8.3\hadoop-mapreduce-client-core-2.8.3.jar;C:\Users\37801\.m2\repository\org\apache\hadoop\hadoop-yarn-common\2.8.3\hadoop-yarn-common-2.8.3.jar;C:\Users\37801\.m2\repository\org\apache\hadoop\hadoop-yarn-api\2.8.3\hadoop-yarn-api-2.8.3.jar;C:\Users\37801\.m2\repository\javax\xml\bind\jaxb-api\2.2.2\jaxb-api-2.2.2.jar;C:\Users\37801\.m2\repository\javax\xml\stream\stax-api\1.0-2\stax-api-1.0-2.jar;C:\Users\37801\.m2\repository\javax\activation\activation\1.1\activation-1.1.jar;C:\Users\37801\.m2\repository\com\sun\jersey\jersey-client\1.9\jersey-client-1.9.jar;C:\Users\37801\.m2\repository\com\google\inject\guice\3.0\guice-3.0.jar;C:\Users\37801\.m2\repository\javax\inject\javax.inject\1\javax.inject-1.jar;C:\Users\37801\.m2\repository\aopalliance\aopalliance\1.0\aopalliance-1.0.jar;C:\Users\37801\.m2\repository\com\sun\jersey\contribs\jersey-guice\1.9\jersey-guice-1.9.jar;C:\Users\37801\.m2\repository\com\google\inject\extensions\guice-servlet\3.0\guice-servlet-3.0.jar;C:\Users\37801\.m2\repository\org\apache\hadoop\hadoop-mapreduce-client-common\2.8.3\hadoop-mapreduce-client-common-2.8.3.jar;C:\Users\37801\.m2\repository\org\apache\hadoop\hadoop-yarn-client\2.8.3\hadoop-yarn-client-2.8.3.jar;C:\Users\37801\.m2\repository\org\apache\hadoop\hadoop-yarn-server-common\2.8.3\hadoop-yarn-server-common-2.8.3.jar;C:\Users\37801\.m2\repository\org\apache\nutch\nutch\1.13\nutch-1.13.jar;C:\Users\37801\.m2\repository\org\apache\commons\commons-jexl\2.1.1\commons-jexl-2.1.1.jar;C:\Users\37801\.m2\repository\com\tdunning\t-digest\3.1\t-digest-3.1.jar;C:\Users\37801\.m2\repository\org\apache\tika\tika-core\1.12\tika-core-1.12.jar;C:\Users\37801\.m2\repository\com\ibm\icu\icu4j\55.1\icu4j-55.1.jar;C:\Users\37801\.m2\repository\xerces\xmlParserAPIs\2.6.2\xmlParserAPIs-2.6.2.jar;C:\Users\37801\.m2\repository\oro\oro\2.0.8\oro-2.0.8.jar;C:\Users\37801\.m2\repository\com\github\crawler-commons\crawler-commons\0.6\crawler-commons-0.6.jar;C:\Users\37801\.m2\repository\com\martinkl\warc\warc-hadoop\0.1.0\warc-hadoop-0.1.0.jar;C:\Users\37801\.m2\repository\org\apache\hadoop\hadoop-client\2.2.0\hadoop-client-2.2.0.jar;C:\Users\37801\.m2\repository\org\apache\hadoop\hadoop-mapreduce-client-app\2.2.0\hadoop-mapreduce-client-app-2.2.0.jar;C:\Users\37801\.m2\repository\org\apache\hadoop\hadoop-mapreduce-client-shuffle\2.2.0\hadoop-mapreduce-client-shuffle-2.2.0.jar;C:\Users\37801\.m2\repository\org\apache\hadoop\hadoop-mapreduce-client-jobclient\2.2.0\hadoop-mapreduce-client-jobclient-2.2.0.jar;C:\Users\37801\.m2\repository\commons-beanutils\commons-beanutils\1.7.0\commons-beanutils-1.7.0.jar;D:\development\C++library\jdk\lib\tools.jar;"/>
    <property name="sun.cpu.endian" value="little"/>
    <property name="user.home" value="C:\Users\37801"/>
    <property name="user.language" value="zh"/>
    <property name="java.specification.vendor" value="Oracle Corporation"/>
    <property name="java.home" value="C:\Program Files\Java\jre1.8.0_171"/>
    <property name="basedir" value="D:\development\Java_workspace\InvertedLink"/>
    <property name="file.separator" value="\"/>
    <property name="line.separator" value="&#10;"/>
    <property name="java.vm.specification.vendor" value="Oracle Corporation"/>
    <property name="java.specification.name" value="Java Platform API Specification"/>
    <property name="java.awt.graphicsenv" value="sun.awt.Win32GraphicsEnvironment"/>
    <property name="surefire.real.class.path" value="C:\Users\37801\AppData\Local\Temp\surefire5360280984694216221\surefirebooter4854476848969152598.jar"/>
    <property name="sun.boot.class.path" value="C:\Program Files\Java\jre1.8.0_171\lib\resources.jar;C:\Program Files\Java\jre1.8.0_171\lib\rt.jar;C:\Program Files\Java\jre1.8.0_171\lib\sunrsasign.jar;C:\Program Files\Java\jre1.8.0_171\lib\jsse.jar;C:\Program Files\Java\jre1.8.0_171\lib\jce.jar;C:\Program Files\Java\jre1.8.0_171\lib\charsets.jar;C:\Program Files\Java\jre1.8.0_171\lib\jfr.jar;C:\Program Files\Java\jre1.8.0_171\classes"/>
    <property name="user.script" value=""/>
    <property name="sun.management.compiler" value="HotSpot 64-Bit Tiered Compilers"/>
    <property name="java.runtime.version" value="1.8.0_171-b11"/>
    <property name="user.name" value="37801"/>
    <property name="path.separator" value=";"/>
    <property name="os.version" value="10.0"/>
    <property name="java.endorsed.dirs" value="C:\Program Files\Java\jre1.8.0_171\lib\endorsed"/>
    <property name="java.runtime.name" value="Java(TM) SE Runtime Environment"/>
    <property name="file.encoding" value="GBK"/>
    <property name="java.vm.name" value="Java HotSpot(TM) 64-Bit Server VM"/>
    <property name="localRepository" value="C:\Users\37801\.m2\repository"/>
    <property name="java.vendor.url.bug" value="http://bugreport.sun.com/bugreport/"/>
    <property name="java.io.tmpdir" value="C:\Users\37801\AppData\Local\Temp\"/>
    <property name="java.version" value="1.8.0_171"/>
    <property name="user.dir" value="D:\development\Java_workspace\InvertedLink"/>
    <property name="os.arch" value="amd64"/>
    <property name="java.vm.specification.name" value="Java Virtual Machine Specification"/>
    <property name="java.awt.printerjob" value="sun.awt.windows.WPrinterJob"/>
    <property name="sun.os.patch.level" value=""/>
    <property name="java.library.path" value="C:\Program Files\Java\jre1.8.0_171\bin;C:\WINDOWS\Sun\Java\bin;C:\WINDOWS\system32;C:\WINDOWS;C:\Program Files (x86)\Intel\iCLS Client\;C:\Program Files\Intel\iCLS Client\;C:\Program Files (x86)\Common Files\Oracle\Java\javapath;C:\Program Files\NVIDIA GPU Computing Toolkit\CUDA\v9.1\bin;C:\Program Files\NVIDIA GPU Computing Toolkit\CUDA\v9.1\libnvvp;C:\ProgramData\Oracle\Java\javapath;C:\Windows\system32;C:\Windows;C:\Windows\System32\Wbem;C:\Windows\System32\WindowsPowerShell\v1.0\;C:\Program Files (x86)\NVIDIA Corporation\PhysX\Common;C:\Program Files\Intel\WiFi\bin\;C:\Program Files\Common Files\Intel\WirelessCommon\;C:\WINDOWS\system32;C:\WINDOWS;C:\WINDOWS\System32\Wbem;C:\WINDOWS\System32\WindowsPowerShell\v1.0\;C:\Program Files (x86)\Windows Kits\8.1\Windows Performance Toolkit\;C:\Program Files\PCL 1.8.0\bin;C:\Program Files\PCL 1.8.0\3rdParty\FLANN\bin;C:\Program Files\PCL 1.8.0\3rdParty\Qhull\bin;C:\Program Files\OpenNI2\Tools;C:\Program Files\PCL 1.8.0\3rdParty\VTK\bin;C:\Program Files\nodejs\;D:\development\C++library\jdk\bin;D:\development\C++library\jdk\jre\bin;C:\Program Files\VanDyke Software\SecureFX\;C:\Program Files (x86)\Intel\Intel(R) Management Engine Components\DAL;C:\Program Files\Intel\Intel(R) Management Engine Components\DAL;C:\Program Files (x86)\Intel\Intel(R) Management Engine Components\IPT;C:\Program Files\Intel\Intel(R) Management Engine Components\IPT;D:\software\maven\apache-maven-3.5.3\bin;C:\Users\37801\AppData\Local\Programs\Python\Python36\Scripts\;C:\Users\37801\AppData\Local\Programs\Python\Python36\;C:\Users\37801\AppData\Local\Microsoft\WindowsApps;C:\Users\37801\AppData\Roaming\npm;C:\Panda3D-1.9.4-x64\python;C:\Panda3D-1.9.4-x64\python\Scripts;C:\Panda3D-1.9.4-x64\bin;D:\software\VS Code\Microsoft VS Code\bin;."/>
    <property name="java.vm.info" value="mixed mode"/>
    <property name="java.vendor" value="Oracle Corporation"/>
    <property name="java.vm.version" value="25.171-b11"/>
    <property name="java.ext.dirs" value="C:\Program Files\Java\jre1.8.0_171\lib\ext;C:\WINDOWS\Sun\Java\lib\ext"/>
    <property name="sun.io.unicode.encoding" value="UnicodeLittle"/>
    <property name="java.class.version" value="52.0"/>
  </properties>
  <testcase name="shouldAnswerWithTrue" classname="com.lab.AppTest" time="0.001"/>
</testsuite>